-------------------
22/3/2564 21:18:52
-------------------
Preparing folders . . . 
  Install Path: C:\Users\Hero\Desktop\1.28
  Hack Path:    C:\Users\Hero\Desktop\1.28\JNService
  Done! (0.04 ms)
Loading plugins from 'C:\Users\Hero\Desktop\1.28\JNService\plugins' . . .
  Locating plugins . . .
    File: Cirnix.JassNative.Common.dll
      Type: Cirnix.JassNative.Common.Main
    File: Cirnix.JassNative.dll
      Type: Cirnix.JassNative.WarAPI.WarAPIPlugin
      Type: Cirnix.JassNative.JassAPI.JassAPIPlugin
        Requires: Cirnix.JassNative.WarAPI.WarAPIPlugin
      Type: Cirnix.JassNative.InterfaceAPI.InterfaceAPIPlugin
        Requires: Cirnix.JassNative.WarAPI.WarAPIPlugin
      Type: Cirnix.JassNative.JassDebugger.JassDebuggerPlugin
        Requires: Cirnix.JassNative.InterfaceAPI.InterfaceAPIPlugin
        Requires: Cirnix.JassNative.JassAPI.JassAPIPlugin
        Requires: Cirnix.JassNative.WarAPI.WarAPIPlugin
    File: Cirnix.JassNative.YDWE.dll
      Type: Cirnix.JassNative.YDWE.YDWEPlugin
    File: M16ToolJNPlugin.dll
      Type: M16ToolJNPlugin.Main
    Done! (45.35 ms)
  Loading plugin assemblies and instanciating types. . .
    Loading assembly 'Cirnix.JassNative.Common.dll' for type 'Cirnix.JassNative.Common.Main'
    Loading assembly 'Cirnix.JassNative.dll' for type 'Cirnix.JassNative.WarAPI.WarAPIPlugin'
    Loading assembly 'Cirnix.JassNative.dll' for type 'Cirnix.JassNative.JassAPI.JassAPIPlugin'
    Loading assembly 'Cirnix.JassNative.dll' for type 'Cirnix.JassNative.InterfaceAPI.InterfaceAPIPlugin'
    Loading assembly 'Cirnix.JassNative.dll' for type 'Cirnix.JassNative.JassDebugger.JassDebuggerPlugin'
    Loading assembly 'Cirnix.JassNative.YDWE.dll' for type 'Cirnix.JassNative.YDWE.YDWEPlugin'
    Loading assembly 'M16ToolJNPlugin.dll' for type 'M16ToolJNPlugin.Main'
    Done! (9.67 ms)
  Initializing plugins . . .
    Initializing Cirnix.JassNative.Common.Main
      Native added: BitOr(II)I
      Native added: BitAnd(II)I
      Native added: BitXor(II)I
      Native added: JNI2R(I)R
      Native added: JNR2I(R)I
      Native added: JNGetModuleHandle(S)I
      Native added: JNFindModuleHandle(II)I
      Native added: JNMemoryGetByte(I)I
      Native added: JNMemorySetByte(II)V
      Native added: JNMemoryGetInteger(I)I
      Native added: JNMemorySetInteger(II)V
      Native added: JNMemoryGetReal(I)R
      Native added: JNMemorySetReal(IR)V
      Native added: JNWriteLog(S)V
      Native added: JNWriteLogReal(R)V
      Native added: JNGetLocalDateTime()S
      Native added: JNGetLocalUnixTime()I
      Native added: JNGetMaxAttackSpeed()R
      Native added: JNSetMaxAttackSpeed(R)V
      Native added: IsReplayMode()B
      Native added: IsHostPlayer()B
      Native added: JNGetSyncDelay()I
      Native added: JNSetSyncDelay(I)V
      Native added: JNStopwatchCreate()I
      Native added: JNStopwatchStart(I)V
      Native added: JNStopwatchPause(I)V
      Native added: JNStopwatchReset(I)V
      Native added: JNStopwatchDestroy(I)V
      Native added: JNStopwatchElapsedMS(I)I
      Native added: JNStopwatchElapsedSecond(I)I
      Native added: JNStopwatchElapsedMinute(I)I
      Native added: JNStopwatchElapsedHour(I)I
      Native added: JNStopwatchTick(I)R
      Native added: JNStringPos(SS)I
      Native added: JNStringInsert(SIS)S
      Native added: JNStringTrim(S)S
      Native added: JNStringTrimStart(S)S
      Native added: JNStringTrimEnd(S)S
      Native added: JNStringSplit(SSI)S
      Native added: JNStringReplace(SSS)S
      Native added: JNStringReverse(S)S
      Native added: JNStringContains(SS)B
      Native added: JNStringCount(SS)I
      Native added: JNStringRegex(SSI)S
      Native added: JNStringSub(SII)S
      Native added: JNStringLength(S)I
      Native added: JNStringCalcLines(SI)I
    Initializing Cirnix.JassNative.WarAPI.WarAPIPlugin
    Initializing Cirnix.JassNative.JassAPI.JassAPIPlugin
    Initializing Cirnix.JassNative.InterfaceAPI.InterfaceAPIPlugin
    Initializing Cirnix.JassNative.JassDebugger.JassDebuggerPlugin
    Initializing Cirnix.JassNative.YDWE.YDWEPlugin
      Native added: DzAPI_Map_SaveServerValue(Hplayer;SS)B
      Native added: DzAPI_Map_GetServerValue(Hplayer;S)S
      Native added: DzAPI_Map_Ladder_SetStat(Hplayer;SS)V
      Native added: DzAPI_Map_IsRPGLadder()B
      Native added: DzAPI_Map_GetGameStartTime()I
      Native added: DzAPI_Map_Stat_SetStat(Hplayer;SS)V
      Native added: DzAPI_Map_GetMatchType()I
      Native added: DzAPI_Map_Ladder_SetPlayerStat(Hplayer;SS)V
      Native added: DzAPI_Map_GetServerValueErrorCode(Hplayer;)I
      Native added: DzAPI_Map_GetLadderLevel(Hplayer;)I
      Native added: DzAPI_Map_IsRedVIP(Hplayer;)B
      Native added: DzAPI_Map_IsBlueVIP(Hplayer;)B
      Native added: DzAPI_Map_GetLadderRank(Hplayer;)I
      Native added: DzAPI_Map_GetMapLevelRank(Hplayer;)I
      Native added: DzAPI_Map_GetGuildName(Hplayer;)S
      Native added: DzAPI_Map_GetGuildRole(Hplayer;)I
      Native added: DzAPI_Map_IsRPGLobby()B
      Native added: DzAPI_Map_GetMapLevel(Hplayer;)I
      Native added: DzAPI_Map_MissionComplete(Hplayer;SS)V
      Native added: DzAPI_Map_GetActivityData()S
      Native added: DzAPI_Map_GetMapConfig(S)S
      Native added: DzAPI_Map_HasMallItem(Hplayer;S)B
      Native added: DzAPI_Map_SavePublicArchive(Hplayer;SS)B
      Native added: DzAPI_Map_GetPublicArchive(Hplayer;S)S
      Native added: DzAPI_Map_UseConsumablesItem(Hplayer;S)V
      Native added: DzAPI_Map_OrpgTrigger(Hplayer;S)V
      Native added: DzAPI_Map_GetServerArchiveDrop(Hplayer;S)S
      Native added: DzAPI_Map_GetServerArchiveEquip(Hplayer;S)I
      Native added: DzAPI_Map_GetPlatformVIP(Hplayer;)I
      Native added: RequestExtraIntegerData(IHplayer;SSBIII)I
      Native added: RequestExtraBooleanData(IHplayer;SSBIII)B
      Native added: RequestExtraStringData(IHplayer;SSBIII)S
      Native added: RequestExtraRealData(IHplayer;SSBIII)R
      Native added: DzGetUnitNeededXP(Hunit;I)I
      0x6C390000 : C:\Users\Hero\Desktop\1.28\JNService\YDWE\bin\luacore.dll Loaded!
      0x6B6F0000 : C:\Users\Hero\Desktop\1.28\JNService\YDWE\bin\ydbase.dll Loaded!
      0x688F0000 : C:\Users\Hero\Desktop\1.28\JNService\YDWE\bin\SlkLib.dll Loaded!
      0x6B6A0000 : C:\Users\Hero\Desktop\1.28\JNService\YDWE\plugin\warcraft3\yd_jass_api.dll Loaded!
      0x6DD20000 : C:\Users\Hero\Desktop\1.28\JNService\YDWE\plugin\warcraft3\yd_lua_engine.dll Loaded!
      0x678F0000 : C:\Users\Hero\Desktop\1.28\JNService\YDWE\plugin\warcraft3\dzclient_api.dll Loaded!
    Initializing M16ToolJNPlugin.Main
      Native added: JNUse()B
      Native added: JNPVPUse(SS)V
      Native added: JNGlobalInitUserObject(SSSS)I
      Native added: JNGlobalSaveUserObject(SSSS)S
      Native added: JNGlobalSetInt(SSI)V
      Native added: JNGlobalGetInt(SS)I
      Native added: JNGlobalSetString(SSS)V
      Native added: JNGlobalGetString(SS)S
      Native added: JNGlobalSetBoolean(SSB)V
      Native added: JNGlobalGetBoolean(SS)B
      Native added: JNGlobalSetReal(SSR)V
      Native added: JNGlobalGetReal(SS)R
      Native added: JNGlobalRemoveField(SS)V
      Native added: JNGlobalClearField(S)V
      Native added: JNInitUserObject(SSSS)I
      Native added: JNSaveUserObject(SSSS)S
      Native added: JNUseEndGameSave(SSSS)V
      Native added: JNSetInt(SSI)V
      Native added: JNGetInt(SS)I
      Native added: JNSetString(SSS)V
      Native added: JNGetString(SS)S
      Native added: JNSetBoolean(SSB)V
      Native added: JNGetBoolean(SS)B
      Native added: JNSetReal(SSR)V
      Native added: JNGetReal(SS)R
      Native added: JNSetScore(SI)V
      Native added: JNResetScore(S)V
      Native added: JNRemoveField(SS)V
      Native added: JNClearField(S)V
      Native added: JNGetCharacterCount(SSS)I
      Native added: JNGetCharacterNameByIndex(SI)S
      Native added: JNPopGlobalMessage()S
      Native added: JNSendGlobalMessage(S)V
      Native added: JNInitObjectCharacter(SSSS)I
      Native added: JNSaveObjectCharacter(SSSS)S
      Native added: JNUseEndGameObjectCharacterSave(SSSS)V
      Native added: JNObjectCharacterSetInt(SSI)V
      Native added: JNObjectCharacterGetInt(SS)I
      Native added: JNObjectCharacterSetString(SSS)V
      Native added: JNObjectCharacterGetString(SS)S
      Native added: JNObjectCharacterSetBoolean(SSB)V
      Native added: JNObjectCharacterGetBoolean(SS)B
      Native added: JNObjectCharacterSetReal(SSR)V
      Native added: JNObjectCharacterGetReal(SS)R
      Native added: JNObjectCharacterSetScore(SI)V
      Native added: JNObjectCharacterResetScore(S)V
      Native added: JNCharacterObjecRemoveField(SS)V
      Native added: JNCharacterObjecClearField(S)V
      Native added: JNObjectCharacterGetCharacterCount(SSS)I
      Native added: JNObjectCharacterGetCharacterNameByIndex(SI)S
      Native added: JNObjectCharacterPopGlobalMessage()S
      Native added: JNObjectCharacterSendGlobalMessage(S)V
      Native added: JNInitObjectUser(SSSS)I
      Native added: JNSaveObjectUser(SSSS)S
      Native added: JNUseEndGameObjectUserSave(SSSS)V
      Native added: JNObjectUserSetInt(SSI)V
      Native added: JNObjectUserGetInt(SS)I
      Native added: JNObjectUserSetString(SSS)V
      Native added: JNObjectUserGetString(SS)S
      Native added: JNObjectUserSetBoolean(SSB)V
      Native added: JNObjectUserGetBoolean(SS)B
      Native added: JNObjectUserSetReal(SSR)V
      Native added: JNObjectUserGetReal(SS)R
      Native added: JNObjectUserRemoveField(SS)V
      Native added: JNObjectUserClearField(S)V
      Native added: JNInitObjectMap(SS)I
      Native added: JNObjectMapGetInt(S)I
      Native added: JNObjectMapGetString(S)S
      Native added: JNObjectMapGetBoolean(S)B
      Native added: JNObjectMapGetReal(S)R
      Native added: JNPVPLog(SS)V
      Native added: JNPVPCharacter(SS)V
      Native added: JNPVPKill(S)V
      Native added: JNPVPDeath(S)V
      Native added: JNPVPAssist(S)V
      Native added: JNPVPWin(SB)V
      Native added: JNSetPVPLog(SSSSBIIIS)S
      Native added: JNSetSaveCode(SSSSS)S
      Native added: JNGetLoadCode(SSSS)S
      Native added: JNSetLog(SSSSSS)S
      Native added: JNUseUserRoleItem(SSSSS)B
      Native added: JNOpenBrowser(S)V
      Native added: JNServerTime(S)S
      Native added: JNServerUnixTime()I
      Native added: JNServerPluginVersion()I
    Done! (39.61 ms)
  Done! (97.90 ms)
LoadLibraryAHook: 0x757F2A40 . hook installed!
WakeUpProcess Proceed!
Sleep Proceed!
OnGameLoad plugins . . .
  Initializing addresses . . .
    Base: 0x63560000
    Done! (0.85 ms)
  Initializing functions . . .
    Done! (0.17 ms)
  Initializing script api . . .
    Jass__ConstructorHook: 0x63E19E20 . hook installed!
    VirtualMachine__RunFunctionHook: 0x63E31260 . hook installed!
    VirtualMachine__RunCodeHook: 0x63E303B0 . hook installed!
    Done! (1.82 ms)
  Initializing natives api . . .
    InitNativesHook: 0x63799C80 . hook installed!
    Scanning vanilla natives . . .
    found 1167!
    Done! (109.73 ms)
  Initializing interface api . . .
    CGameUI__ConstructorHook: 0x638FB770 . hook installed!
    Done! (0.52 ms)
  Initializing CreateWindowHook . . .
    Fake_sub_6F16E920: 0x636CE920 . hook installed!
    Done! (0.53 ms)
  Initializing YDWE . . .
    0x676F0000 : C:\Users\Hero\Desktop\1.28\JNService\Mixtape\M16.dll Loaded!
    Initializing yd_jass_api.dll . . .
    Initializing yd_lua_engine.dll . . .
    Successed!
    Done! (182.99 ms)
  Done! (299.13 ms)
Unknown__SetStateHook: 0x63772370 . hook installed!
hWnd = 0x000C050C
Natives initialized
Jass constructed: 0x1E9E0088
Natives initialized
Jass constructed: 0x194E0088
Natives initialized
